#
# There is insufficient memory for the Java Runtime Environment to continue.
# Native memory allocation (mmap) failed to map 1958739968 bytes for G1 virtual space
# Possible reasons:
#   The system is out of physical RAM or swap space
#   The process is running with CompressedOops enabled, and the Java Heap may be blocking the growth of the native heap
# Possible solutions:
#   Reduce memory load on the system
#   Increase physical memory or swap space
#   Check if swap backing store is full
#   Decrease Java heap size (-Xmx/-Xms)
#   Decrease number of Java threads
#   Decrease Java thread stack sizes (-Xss)
#   Set larger code cache with -XX:ReservedCodeCacheSize=
#   JVM is running with Unscaled Compressed Oops mode in which the Java heap is
#     placed in the first 4GB address space. The Java Heap base address is the
#     maximum limit for the native heap growth. Please use -XX:HeapBaseMinAddress
#     to set the Java Heap base and to place the Java Heap above 4GB virtual address.
# This output file may be truncated or incomplete.
#
#  Out of Memory Error (os_windows.cpp:3527), pid=5300, tid=18912
#
# JRE version: Java(TM) SE Runtime Environment (19.0.1+10) (build 19.0.1+10-21)
# Java VM: Java HotSpot(TM) 64-Bit Server VM (19.0.1+10-21, mixed mode, sharing, tiered, compressed oops, compressed class ptrs, g1 gc, windows-amd64)
# No core dump will be written. Minidumps are not enabled by default on client versions of Windows
#

---------------  S U M M A R Y ------------

Command Line: -Dfile.encoding=UTF-8 -XX:+ShowCodeDetailsInExceptionMessages RandomArray.IntegerArray

Host: 11th Gen Intel(R) Core(TM) i5-1135G7 @ 2.40GHz, 8 cores, 7G,  Windows 11 , 64 bit Build 22621 (10.0.22621.755)
Time: Sat Feb  4 15:23:57 2023 India Standard Time elapsed time: 0.049090 seconds (0d 0h 0m 0s)

---------------  T H R E A D  ---------------

Current thread (0x000001b1baae5520):  VMThread "VM Thread" [stack: 0x0000002205300000,0x0000002205400000] [id=18912]

Stack: [0x0000002205300000,0x0000002205400000]
Native frames: (J=compiled Java code, j=interpreted, Vv=VM code, C=native code)
V  [jvm.dll+0x6ee8fa]
V  [jvm.dll+0x857a1e]
V  [jvm.dll+0x85940e]
V  [jvm.dll+0x859ac3]
V  [jvm.dll+0x28291f]
V  [jvm.dll+0x6eb6e9]
V  [jvm.dll+0x6e028a]
V  [jvm.dll+0x357136]
V  [jvm.dll+0x35eb96]
V  [jvm.dll+0x3b555e]
V  [jvm.dll+0x3b578f]
V  [jvm.dll+0x32c6ea]
V  [jvm.dll+0x32f6f0]
V  [jvm.dll+0x32f60d]
V  [jvm.dll+0x372847]
V  [jvm.dll+0x85ef83]
V  [jvm.dll+0x85fd49]
V  [jvm.dll+0x86027d]
V  [jvm.dll+0x86070b]
V  [jvm.dll+0x8607c7]
V  [jvm.dll+0x8015fa]
V  [jvm.dll+0x6ed5eb]
C  [ucrtbase.dll+0x29363]
C  [KERNEL32.DLL+0x1244d]
C  [ntdll.dll+0x5dfb8]

VM_Operation (0x0000002204dff480): G1CollectForAllocation, mode: safepoint, requested by thread 0x000001b19c3f5e80


---------------  P R O C E S S  ---------------

Threads class SMR info:
_java_thread_list=0x000001b1bedc5290, length=12, elements={
0x000001b19c3f5e80, 0x000001b1bab01390, 0x000001b1bab028f0, 0x000001b1bab061c0,
0x000001b1bab08cf0, 0x000001b1bab0af70, 0x000001b1bab0ead0, 0x000001b1bab14190,
0x000001b1bab152a0, 0x000001b1bab1fc10, 0x000001b1bede3d00, 0x000001b1bedeaee0
}

Java Threads: ( => current thread )
  0x000001b19c3f5e80 JavaThread "main" [_thread_blocked, id=24336, stack(0x0000002204d00000,0x0000002204e00000)]
  0x000001b1bab01390 JavaThread "Reference Handler" daemon [_thread_blocked, id=5688, stack(0x0000002205400000,0x0000002205500000)]
  0x000001b1bab028f0 JavaThread "Finalizer" daemon [_thread_blocked, id=16140, stack(0x0000002205500000,0x0000002205600000)]
  0x000001b1bab061c0 JavaThread "Signal Dispatcher" daemon [_thread_blocked, id=6300, stack(0x0000002205600000,0x0000002205700000)]
  0x000001b1bab08cf0 JavaThread "Attach Listener" daemon [_thread_blocked, id=20368, stack(0x0000002205700000,0x0000002205800000)]
  0x000001b1bab0af70 JavaThread "Service Thread" daemon [_thread_blocked, id=10688, stack(0x0000002205800000,0x0000002205900000)]
  0x000001b1bab0ead0 JavaThread "Monitor Deflation Thread" daemon [_thread_blocked, id=25632, stack(0x0000002205900000,0x0000002205a00000)]
  0x000001b1bab14190 JavaThread "C2 CompilerThread0" daemon [_thread_blocked, id=10628, stack(0x0000002205a00000,0x0000002205b00000)]
  0x000001b1bab152a0 JavaThread "C1 CompilerThread0" daemon [_thread_blocked, id=24080, stack(0x0000002205b00000,0x0000002205c00000)]
  0x000001b1bab1fc10 JavaThread "Sweeper thread" daemon [_thread_blocked, id=24832, stack(0x0000002205c00000,0x0000002205d00000)]
  0x000001b1bede3d00 JavaThread "Notification Thread" daemon [_thread_blocked, id=15832, stack(0x0000002205d00000,0x0000002205e00000)]
  0x000001b1bedeaee0 JavaThread "Common-Cleaner" daemon [_thread_blocked, id=9752, stack(0x0000002205f00000,0x0000002206000000)]

Other Threads:
=>0x000001b1baae5520 VMThread "VM Thread" [stack: 0x0000002205300000,0x0000002205400000] [id=18912]
  0x000001b1bedea670 WatcherThread "VM Periodic Task Thread" [stack: 0x0000002205e00000,0x0000002205f00000] [id=9736]
  0x000001b19c456a50 WorkerThread "GC Thread#0" [stack: 0x0000002204e00000,0x0000002204f00000] [id=26036]
  0x000001b1bedfa200 WorkerThread "GC Thread#1" [stack: 0x0000002206000000,0x0000002206100000] [id=19284]
  0x000001b1bedfc4e0 WorkerThread "GC Thread#2" [stack: 0x0000002206100000,0x0000002206200000] [id=25672]
  0x000001b19c467d90 ConcurrentGCThread "G1 Main Marker" [stack: 0x0000002204f00000,0x0000002205000000] [id=11392]
  0x000001b19c4687c0 WorkerThread "G1 Conc#0" [stack: 0x0000002205000000,0x0000002205100000] [id=26288]
  0x000001b1ba99c510 ConcurrentGCThread "G1 Refine#0" [stack: 0x0000002205100000,0x0000002205200000] [id=10784]
  0x000001b19c4be050 ConcurrentGCThread "G1 Service" [stack: 0x0000002205200000,0x0000002205300000] [id=24712]

Threads with active compile tasks:

VM state: at safepoint (normal execution)

VM Mutex/Monitor currently owned by a thread:  ([mutex/lock_event])
[0x000001b19c3f2960] Threads_lock - owner thread: 0x000001b1baae5520
[0x000001b19c3f3020] Heap_lock - owner thread: 0x000001b19c3f5e80

Heap address: 0x0000000083600000, size: 1994 MB, Compressed Oops mode: 32-bit

CDS archive(s) mapped at: [0x0000000800000000-0x0000000800c40000-0x0000000800c40000), size 12845056, SharedBaseAddress: 0x0000000800000000, ArchiveRelocationMode: 0.
Compressed class space mapped at: 0x0000000801000000-0x0000000841000000, reserved size: 1073741824
Narrow klass base: 0x0000000800000000, Narrow klass shift: 0, Narrow klass range: 0x100000000

GC Precious Log:
 CardTable entry size: 512
 Card Set container configuration: InlinePtr #cards 5 size 8 Array Of Cards #cards 12 size 40 Howl #buckets 4 coarsen threshold 1843 Howl Bitmap #cards 512 size 80 coarsen threshold 460 Card regions per heap region 1 cards per card region 2048
 CPUs: 8 total, 8 available
 Memory: 7975M
 Large Page Support: Disabled
 NUMA Support: Disabled
 Compressed Oops: Enabled (32-bit)
 Heap Region Size: 1M
 Heap Min Capacity: 8M
 Heap Initial Capacity: 126M
 Heap Max Capacity: 1994M
 Pre-touch: Disabled
 Parallel Workers: 8
 Concurrent Workers: 2
 Concurrent Refinement Workers: 8
 Periodic GC: Disabled

Heap:
 garbage-first heap   total 129024K, used 552K [0x0000000083600000, 0x0000000100000000)
  region size 1024K, 1 young (1024K), 1 survivors (1024K)
 Metaspace       used 138K, committed 384K, reserved 1114112K
  class space    used 4K, committed 128K, reserved 1048576K

Heap Regions: E=young(eden), S=young(survivor), O=old, HS=humongous(starts), HC=humongous(continues), CS=collection set, F=free, OA=open archive, CA=closed archive, TAMS=top-at-mark-start (previous, next)
|   0|0x0000000083600000, 0x0000000083600000, 0x0000000083700000|  0%| F|  |TAMS 0x0000000083600000, 0x0000000083600000| Untracked 
|   1|0x0000000083700000, 0x0000000083700000, 0x0000000083800000|  0%| F|  |TAMS 0x0000000083700000, 0x0000000083700000| Untracked 
|   2|0x0000000083800000, 0x0000000083800000, 0x0000000083900000|  0%| F|  |TAMS 0x0000000083800000, 0x0000000083800000| Untracked 
|   3|0x0000000083900000, 0x0000000083900000, 0x0000000083a00000|  0%| F|  |TAMS 0x0000000083900000, 0x0000000083900000| Untracked 
|   4|0x0000000083a00000, 0x0000000083a00000, 0x0000000083b00000|  0%| F|  |TAMS 0x0000000083a00000, 0x0000000083a00000| Untracked 
|   5|0x0000000083b00000, 0x0000000083b00000, 0x0000000083c00000|  0%| F|  |TAMS 0x0000000083b00000, 0x0000000083b00000| Untracked 
|   6|0x0000000083c00000, 0x0000000083c00000, 0x0000000083d00000|  0%| F|  |TAMS 0x0000000083c00000, 0x0000000083c00000| Untracked 
|   7|0x0000000083d00000, 0x0000000083d00000, 0x0000000083e00000|  0%| F|  |TAMS 0x0000000083d00000, 0x0000000083d00000| Untracked 
|   8|0x0000000083e00000, 0x0000000083e00000, 0x0000000083f00000|  0%| F|  |TAMS 0x0000000083e00000, 0x0000000083e00000| Untracked 
|   9|0x0000000083f00000, 0x0000000083f00000, 0x0000000084000000|  0%| F|  |TAMS 0x0000000083f00000, 0x0000000083f00000| Untracked 
|  10|0x0000000084000000, 0x0000000084000000, 0x0000000084100000|  0%| F|  |TAMS 0x0000000084000000, 0x0000000084000000| Untracked 
|  11|0x0000000084100000, 0x0000000084100000, 0x0000000084200000|  0%| F|  |TAMS 0x0000000084100000, 0x0000000084100000| Untracked 
|  12|0x0000000084200000, 0x0000000084200000, 0x0000000084300000|  0%| F|  |TAMS 0x0000000084200000, 0x0000000084200000| Untracked 
|  13|0x0000000084300000, 0x0000000084300000, 0x0000000084400000|  0%| F|  |TAMS 0x0000000084300000, 0x0000000084300000| Untracked 
|  14|0x0000000084400000, 0x0000000084400000, 0x0000000084500000|  0%| F|  |TAMS 0x0000000084400000, 0x0000000084400000| Untracked 
|  15|0x0000000084500000, 0x0000000084500000, 0x0000000084600000|  0%| F|  |TAMS 0x0000000084500000, 0x0000000084500000| Untracked 
|  16|0x0000000084600000, 0x0000000084600000, 0x0000000084700000|  0%| F|  |TAMS 0x0000000084600000, 0x0000000084600000| Untracked 
|  17|0x0000000084700000, 0x0000000084700000, 0x0000000084800000|  0%| F|  |TAMS 0x0000000084700000, 0x0000000084700000| Untracked 
|  18|0x0000000084800000, 0x0000000084800000, 0x0000000084900000|  0%| F|  |TAMS 0x0000000084800000, 0x0000000084800000| Untracked 
|  19|0x0000000084900000, 0x0000000084900000, 0x0000000084a00000|  0%| F|  |TAMS 0x0000000084900000, 0x0000000084900000| Untracked 
|  20|0x0000000084a00000, 0x0000000084a00000, 0x0000000084b00000|  0%| F|  |TAMS 0x0000000084a00000, 0x0000000084a00000| Untracked 
|  21|0x0000000084b00000, 0x0000000084b00000, 0x0000000084c00000|  0%| F|  |TAMS 0x0000000084b00000, 0x0000000084b00000| Untracked 
|  22|0x0000000084c00000, 0x0000000084c00000, 0x0000000084d00000|  0%| F|  |TAMS 0x0000000084c00000, 0x0000000084c00000| Untracked 
|  23|0x0000000084d00000, 0x0000000084d00000, 0x0000000084e00000|  0%| F|  |TAMS 0x0000000084d00000, 0x0000000084d00000| Untracked 
|  24|0x0000000084e00000, 0x0000000084e00000, 0x0000000084f00000|  0%| F|  |TAMS 0x0000000084e00000, 0x0000000084e00000| Untracked 
|  25|0x0000000084f00000, 0x0000000084f00000, 0x0000000085000000|  0%| F|  |TAMS 0x0000000084f00000, 0x0000000084f00000| Untracked 
|  26|0x0000000085000000, 0x0000000085000000, 0x0000000085100000|  0%| F|  |TAMS 0x0000000085000000, 0x0000000085000000| Untracked 
|  27|0x0000000085100000, 0x0000000085100000, 0x0000000085200000|  0%| F|  |TAMS 0x0000000085100000, 0x0000000085100000| Untracked 
|  28|0x0000000085200000, 0x0000000085200000, 0x0000000085300000|  0%| F|  |TAMS 0x0000000085200000, 0x0000000085200000| Untracked 
|  29|0x0000000085300000, 0x0000000085300000, 0x0000000085400000|  0%| F|  |TAMS 0x0000000085300000, 0x0000000085300000| Untracked 
|  30|0x0000000085400000, 0x0000000085400000, 0x0000000085500000|  0%| F|  |TAMS 0x0000000085400000, 0x0000000085400000| Untracked 
|  31|0x0000000085500000, 0x0000000085500000, 0x0000000085600000|  0%| F|  |TAMS 0x0000000085500000, 0x0000000085500000| Untracked 
|  32|0x0000000085600000, 0x0000000085600000, 0x0000000085700000|  0%| F|  |TAMS 0x0000000085600000, 0x0000000085600000| Untracked 
|  33|0x0000000085700000, 0x0000000085700000, 0x0000000085800000|  0%| F|  |TAMS 0x0000000085700000, 0x0000000085700000| Untracked 
|  34|0x0000000085800000, 0x0000000085800000, 0x0000000085900000|  0%| F|  |TAMS 0x0000000085800000, 0x0000000085800000| Untracked 
|  35|0x0000000085900000, 0x0000000085900000, 0x0000000085a00000|  0%| F|  |TAMS 0x0000000085900000, 0x0000000085900000| Untracked 
|  36|0x0000000085a00000, 0x0000000085a00000, 0x0000000085b00000|  0%| F|  |TAMS 0x0000000085a00000, 0x0000000085a00000| Untracked 
|  37|0x0000000085b00000, 0x0000000085b00000, 0x0000000085c00000|  0%| F|  |TAMS 0x0000000085b00000, 0x0000000085b00000| Untracked 
|  38|0x0000000085c00000, 0x0000000085c00000, 0x0000000085d00000|  0%| F|  |TAMS 0x0000000085c00000, 0x0000000085c00000| Untracked 
|  39|0x0000000085d00000, 0x0000000085d00000, 0x0000000085e00000|  0%| F|  |TAMS 0x0000000085d00000, 0x0000000085d00000| Untracked 
|  40|0x0000000085e00000, 0x0000000085e00000, 0x0000000085f00000|  0%| F|  |TAMS 0x0000000085e00000, 0x0000000085e00000| Untracked 
|  41|0x0000000085f00000, 0x0000000085f00000, 0x0000000086000000|  0%| F|  |TAMS 0x0000000085f00000, 0x0000000085f00000| Untracked 
|  42|0x0000000086000000, 0x0000000086000000, 0x0000000086100000|  0%| F|  |TAMS 0x0000000086000000, 0x0000000086000000| Untracked 
|  43|0x0000000086100000, 0x0000000086100000, 0x0000000086200000|  0%| F|  |TAMS 0x0000000086100000, 0x0000000086100000| Untracked 
|  44|0x0000000086200000, 0x0000000086200000, 0x0000000086300000|  0%| F|  |TAMS 0x0000000086200000, 0x0000000086200000| Untracked 
|  45|0x0000000086300000, 0x0000000086300000, 0x0000000086400000|  0%| F|  |TAMS 0x0000000086300000, 0x0000000086300000| Untracked 
|  46|0x0000000086400000, 0x0000000086400000, 0x0000000086500000|  0%| F|  |TAMS 0x0000000086400000, 0x0000000086400000| Untracked 
|  47|0x0000000086500000, 0x0000000086500000, 0x0000000086600000|  0%| F|  |TAMS 0x0000000086500000, 0x0000000086500000| Untracked 
|  48|0x0000000086600000, 0x0000000086600000, 0x0000000086700000|  0%| F|  |TAMS 0x0000000086600000, 0x0000000086600000| Untracked 
|  49|0x0000000086700000, 0x0000000086700000, 0x0000000086800000|  0%| F|  |TAMS 0x0000000086700000, 0x0000000086700000| Untracked 
|  50|0x0000000086800000, 0x0000000086800000, 0x0000000086900000|  0%| F|  |TAMS 0x0000000086800000, 0x0000000086800000| Untracked 
|  51|0x0000000086900000, 0x0000000086900000, 0x0000000086a00000|  0%| F|  |TAMS 0x0000000086900000, 0x0000000086900000| Untracked 
|  52|0x0000000086a00000, 0x0000000086a00000, 0x0000000086b00000|  0%| F|  |TAMS 0x0000000086a00000, 0x0000000086a00000| Untracked 
|  53|0x0000000086b00000, 0x0000000086b00000, 0x0000000086c00000|  0%| F|  |TAMS 0x0000000086b00000, 0x0000000086b00000| Untracked 
|  54|0x0000000086c00000, 0x0000000086c00000, 0x0000000086d00000|  0%| F|  |TAMS 0x0000000086c00000, 0x0000000086c00000| Untracked 
|  55|0x0000000086d00000, 0x0000000086d00000, 0x0000000086e00000|  0%| F|  |TAMS 0x0000000086d00000, 0x0000000086d00000| Untracked 
|  56|0x0000000086e00000, 0x0000000086e00000, 0x0000000086f00000|  0%| F|  |TAMS 0x0000000086e00000, 0x0000000086e00000| Untracked 
|  57|0x0000000086f00000, 0x0000000086f00000, 0x0000000087000000|  0%| F|  |TAMS 0x0000000086f00000, 0x0000000086f00000| Untracked 
|  58|0x0000000087000000, 0x0000000087000000, 0x0000000087100000|  0%| F|  |TAMS 0x0000000087000000, 0x0000000087000000| Untracked 
|  59|0x0000000087100000, 0x0000000087100000, 0x0000000087200000|  0%| F|  |TAMS 0x0000000087100000, 0x0000000087100000| Untracked 
|  60|0x0000000087200000, 0x0000000087200000, 0x0000000087300000|  0%| F|  |TAMS 0x0000000087200000, 0x0000000087200000| Untracked 
|  61|0x0000000087300000, 0x0000000087300000, 0x0000000087400000|  0%| F|  |TAMS 0x0000000087300000, 0x0000000087300000| Untracked 
|  62|0x0000000087400000, 0x0000000087400000, 0x0000000087500000|  0%| F|  |TAMS 0x0000000087400000, 0x0000000087400000| Untracked 
|  63|0x0000000087500000, 0x0000000087500000, 0x0000000087600000|  0%| F|  |TAMS 0x0000000087500000, 0x0000000087500000| Untracked 
|  64|0x0000000087600000, 0x0000000087600000, 0x0000000087700000|  0%| F|  |TAMS 0x0000000087600000, 0x0000000087600000| Untracked 
|  65|0x0000000087700000, 0x0000000087700000, 0x0000000087800000|  0%| F|  |TAMS 0x0000000087700000, 0x0000000087700000| Untracked 
|  66|0x0000000087800000, 0x0000000087800000, 0x0000000087900000|  0%| F|  |TAMS 0x0000000087800000, 0x0000000087800000| Untracked 
|  67|0x0000000087900000, 0x0000000087900000, 0x0000000087a00000|  0%| F|  |TAMS 0x0000000087900000, 0x0000000087900000| Untracked 
|  68|0x0000000087a00000, 0x0000000087a00000, 0x0000000087b00000|  0%| F|  |TAMS 0x0000000087a00000, 0x0000000087a00000| Untracked 
|  69|0x0000000087b00000, 0x0000000087b00000, 0x0000000087c00000|  0%| F|  |TAMS 0x0000000087b00000, 0x0000000087b00000| Untracked 
|  70|0x0000000087c00000, 0x0000000087c00000, 0x0000000087d00000|  0%| F|  |TAMS 0x0000000087c00000, 0x0000000087c00000| Untracked 
|  71|0x0000000087d00000, 0x0000000087d00000, 0x0000000087e00000|  0%| F|  |TAMS 0x0000000087d00000, 0x0000000087d00000| Untracked 
|  72|0x0000000087e00000, 0x0000000087e00000, 0x0000000087f00000|  0%| F|  |TAMS 0x0000000087e00000, 0x0000000087e00000| Untracked 
|  73|0x0000000087f00000, 0x0000000087f00000, 0x0000000088000000|  0%| F|  |TAMS 0x0000000087f00000, 0x0000000087f00000| Untracked 
|  74|0x0000000088000000, 0x0000000088000000, 0x0000000088100000|  0%| F|  |TAMS 0x0000000088000000, 0x0000000088000000| Untracked 
|  75|0x0000000088100000, 0x0000000088100000, 0x0000000088200000|  0%| F|  |TAMS 0x0000000088100000, 0x0000000088100000| Untracked 
|  76|0x0000000088200000, 0x0000000088200000, 0x0000000088300000|  0%| F|  |TAMS 0x0000000088200000, 0x0000000088200000| Untracked 
|  77|0x0000000088300000, 0x0000000088300000, 0x0000000088400000|  0%| F|  |TAMS 0x0000000088300000, 0x0000000088300000| Untracked 
|  78|0x0000000088400000, 0x0000000088400000, 0x0000000088500000|  0%| F|  |TAMS 0x0000000088400000, 0x0000000088400000| Untracked 
|  79|0x0000000088500000, 0x0000000088500000, 0x0000000088600000|  0%| F|  |TAMS 0x0000000088500000, 0x0000000088500000| Untracked 
|  80|0x0000000088600000, 0x0000000088600000, 0x0000000088700000|  0%| F|  |TAMS 0x0000000088600000, 0x0000000088600000| Untracked 
|  81|0x0000000088700000, 0x0000000088700000, 0x0000000088800000|  0%| F|  |TAMS 0x0000000088700000, 0x0000000088700000| Untracked 
|  82|0x0000000088800000, 0x0000000088800000, 0x0000000088900000|  0%| F|  |TAMS 0x0000000088800000, 0x0000000088800000| Untracked 
|  83|0x0000000088900000, 0x0000000088900000, 0x0000000088a00000|  0%| F|  |TAMS 0x0000000088900000, 0x0000000088900000| Untracked 
|  84|0x0000000088a00000, 0x0000000088a00000, 0x0000000088b00000|  0%| F|  |TAMS 0x0000000088a00000, 0x0000000088a00000| Untracked 
|  85|0x0000000088b00000, 0x0000000088b00000, 0x0000000088c00000|  0%| F|  |TAMS 0x0000000088b00000, 0x0000000088b00000| Untracked 
|  86|0x0000000088c00000, 0x0000000088c00000, 0x0000000088d00000|  0%| F|  |TAMS 0x0000000088c00000, 0x0000000088c00000| Untracked 
|  87|0x0000000088d00000, 0x0000000088d00000, 0x0000000088e00000|  0%| F|  |TAMS 0x0000000088d00000, 0x0000000088d00000| Untracked 
|  88|0x0000000088e00000, 0x0000000088e00000, 0x0000000088f00000|  0%| F|  |TAMS 0x0000000088e00000, 0x0000000088e00000| Untracked 
|  89|0x0000000088f00000, 0x0000000088f00000, 0x0000000089000000|  0%| F|  |TAMS 0x0000000088f00000, 0x0000000088f00000| Untracked 
|  90|0x0000000089000000, 0x0000000089000000, 0x0000000089100000|  0%| F|  |TAMS 0x0000000089000000, 0x0000000089000000| Untracked 
|  91|0x0000000089100000, 0x0000000089100000, 0x0000000089200000|  0%| F|  |TAMS 0x0000000089100000, 0x0000000089100000| Untracked 
|  92|0x0000000089200000, 0x0000000089200000, 0x0000000089300000|  0%| F|  |TAMS 0x0000000089200000, 0x0000000089200000| Untracked 
|  93|0x0000000089300000, 0x0000000089300000, 0x0000000089400000|  0%| F|  |TAMS 0x0000000089300000, 0x0000000089300000| Untracked 
|  94|0x0000000089400000, 0x0000000089400000, 0x0000000089500000|  0%| F|  |TAMS 0x0000000089400000, 0x0000000089400000| Untracked 
|  95|0x0000000089500000, 0x0000000089500000, 0x0000000089600000|  0%| F|  |TAMS 0x0000000089500000, 0x0000000089500000| Untracked 
|  96|0x0000000089600000, 0x0000000089600000, 0x0000000089700000|  0%| F|  |TAMS 0x0000000089600000, 0x0000000089600000| Untracked 
|  97|0x0000000089700000, 0x0000000089700000, 0x0000000089800000|  0%| F|  |TAMS 0x0000000089700000, 0x0000000089700000| Untracked 
|  98|0x0000000089800000, 0x0000000089800000, 0x0000000089900000|  0%| F|  |TAMS 0x0000000089800000, 0x0000000089800000| Untracked 
|  99|0x0000000089900000, 0x0000000089900000, 0x0000000089a00000|  0%| F|  |TAMS 0x0000000089900000, 0x0000000089900000| Untracked 
| 100|0x0000000089a00000, 0x0000000089a00000, 0x0000000089b00000|  0%| F|  |TAMS 0x0000000089a00000, 0x0000000089a00000| Untracked 
| 101|0x0000000089b00000, 0x0000000089b00000, 0x0000000089c00000|  0%| F|  |TAMS 0x0000000089b00000, 0x0000000089b00000| Untracked 
| 102|0x0000000089c00000, 0x0000000089c00000, 0x0000000089d00000|  0%| F|  |TAMS 0x0000000089c00000, 0x0000000089c00000| Untracked 
| 103|0x0000000089d00000, 0x0000000089d00000, 0x0000000089e00000|  0%| F|  |TAMS 0x0000000089d00000, 0x0000000089d00000| Untracked 
| 104|0x0000000089e00000, 0x0000000089e00000, 0x0000000089f00000|  0%| F|  |TAMS 0x0000000089e00000, 0x0000000089e00000| Untracked 
| 105|0x0000000089f00000, 0x0000000089f00000, 0x000000008a000000|  0%| F|  |TAMS 0x0000000089f00000, 0x0000000089f00000| Untracked 
| 106|0x000000008a000000, 0x000000008a000000, 0x000000008a100000|  0%| F|  |TAMS 0x000000008a000000, 0x000000008a000000| Untracked 
| 107|0x000000008a100000, 0x000000008a100000, 0x000000008a200000|  0%| F|  |TAMS 0x000000008a100000, 0x000000008a100000| Untracked 
| 108|0x000000008a200000, 0x000000008a200000, 0x000000008a300000|  0%| F|  |TAMS 0x000000008a200000, 0x000000008a200000| Untracked 
| 109|0x000000008a300000, 0x000000008a300000, 0x000000008a400000|  0%| F|  |TAMS 0x000000008a300000, 0x000000008a300000| Untracked 
| 110|0x000000008a400000, 0x000000008a400000, 0x000000008a500000|  0%| F|  |TAMS 0x000000008a400000, 0x000000008a400000| Untracked 
| 111|0x000000008a500000, 0x000000008a500000, 0x000000008a600000|  0%| F|  |TAMS 0x000000008a500000, 0x000000008a500000| Untracked 
| 112|0x000000008a600000, 0x000000008a600000, 0x000000008a700000|  0%| F|  |TAMS 0x000000008a600000, 0x000000008a600000| Untracked 
| 113|0x000000008a700000, 0x000000008a700000, 0x000000008a800000|  0%| F|  |TAMS 0x000000008a700000, 0x000000008a700000| Untracked 
| 114|0x000000008a800000, 0x000000008a800000, 0x000000008a900000|  0%| F|  |TAMS 0x000000008a800000, 0x000000008a800000| Untracked 
| 115|0x000000008a900000, 0x000000008a900000, 0x000000008aa00000|  0%| F|  |TAMS 0x000000008a900000, 0x000000008a900000| Untracked 
| 116|0x000000008aa00000, 0x000000008aa00000, 0x000000008ab00000|  0%| F|  |TAMS 0x000000008aa00000, 0x000000008aa00000| Untracked 
| 117|0x000000008ab00000, 0x000000008ab00000, 0x000000008ac00000|  0%| F|  |TAMS 0x000000008ab00000, 0x000000008ab00000| Untracked 
| 118|0x000000008ac00000, 0x000000008ac00000, 0x000000008ad00000|  0%| F|  |TAMS 0x000000008ac00000, 0x000000008ac00000| Untracked 
| 119|0x000000008ad00000, 0x000000008ad00000, 0x000000008ae00000|  0%| F|  |TAMS 0x000000008ad00000, 0x000000008ad00000| Untracked 
| 120|0x000000008ae00000, 0x000000008ae00000, 0x000000008af00000|  0%| F|  |TAMS 0x000000008ae00000, 0x000000008ae00000| Untracked 
| 121|0x000000008af00000, 0x000000008af00000, 0x000000008b000000|  0%| F|  |TAMS 0x000000008af00000, 0x000000008af00000| Untracked 
| 122|0x000000008b000000, 0x000000008b000000, 0x000000008b100000|  0%| F|  |TAMS 0x000000008b000000, 0x000000008b000000| Untracked 
| 123|0x000000008b100000, 0x000000008b100000, 0x000000008b200000|  0%| F|  |TAMS 0x000000008b100000, 0x000000008b100000| Untracked 
| 124|0x000000008b200000, 0x000000008b200000, 0x000000008b300000|  0%| F|  |TAMS 0x000000008b200000, 0x000000008b200000| Untracked 
| 125|0x000000008b300000, 0x000000008b38a020, 0x000000008b400000| 53%| S|CS|TAMS 0x000000008b300000, 0x000000008b300000| Complete 

Card table byte_map: [0x000001b1b3a80000,0x000001b1b3e70000] _byte_map_base: 0x000001b1b3665000

Marking Bits (Prev, Next): (CMBitMap*) 0x000001b19c457080, (CMBitMap*) 0x000001b19c4570c0
 Prev Bits: [0x000001b1b4260000, 0x000001b1b6188000)
 Next Bits: [0x000001b1b6190000, 0x000001b1b80b8000)

Polling page: 0x000001b19a3b0000

Metaspace:

Usage:
  Non-class:    134.05 KB used.
      Class:      4.47 KB used.
       Both:    138.52 KB used.

Virtual space:
  Non-class space:       64.00 MB reserved,     256.00 KB ( <1%) committed,  1 nodes.
      Class space:        1.00 GB reserved,     128.00 KB ( <1%) committed,  1 nodes.
             Both:        1.06 GB reserved,     384.00 KB ( <1%) committed. 

Chunk freelists:
   Non-Class:  4.00 MB
       Class:  3.75 MB
        Both:  7.74 MB

MaxMetaspaceSize: unlimited
CompressedClassSpaceSize: 1.00 GB
Initial GC threshold: 21.00 MB
Current GC threshold: 21.00 MB
CDS: on
MetaspaceReclaimPolicy: balanced
 - commit_granule_bytes: 65536.
 - commit_granule_words: 8192.
 - virtual_space_node_default_size: 8388608.
 - enlarge_chunks_in_place: 1.
 - new_chunks_are_fully_committed: 0.
 - uncommit_free_chunks: 1.
 - use_allocation_guard: 0.


Internal statistics:

num_allocs_failed_limit: 0.
num_arena_births: 4.
num_arena_deaths: 0.
num_vsnodes_births: 2.
num_vsnodes_deaths: 0.
num_space_committed: 6.
num_space_uncommitted: 0.
num_chunks_returned_to_freelist: 0.
num_chunks_taken_from_freelist: 5.
num_chunk_merges: 0.
num_chunk_splits: 2.
num_chunks_enlarged: 0.
num_inconsistent_stats: 0.

CodeHeap 'non-profiled nmethods': size=120000Kb used=13Kb max_used=13Kb free=119986Kb
 bounds [0x000001b1abe30000, 0x000001b1ac0a0000, 0x000001b1b3360000]
CodeHeap 'profiled nmethods': size=120000Kb used=79Kb max_used=79Kb free=119920Kb
 bounds [0x000001b1a4360000, 0x000001b1a45d0000, 0x000001b1ab890000]
CodeHeap 'non-nmethods': size=5760Kb used=1146Kb max_used=1146Kb free=4613Kb
 bounds [0x000001b1ab890000, 0x000001b1abb00000, 0x000001b1abe30000]
 total_blobs=369 nmethods=62 adapters=218
 compilation: enabled
              stopped_count=0, restarted_count=0
 full_count=0

Compilation events (20 events):
Event: 0.039 Thread 0x000001b1bab152a0   57       3       java.util.HashMap::get (19 bytes)
Event: 0.039 Thread 0x000001b1bab152a0 nmethod 57 0x000001b1a4372d90 code [0x000001b1a4372f40, 0x000001b1a4373108]
Event: 0.039 Thread 0x000001b1bab152a0   58       3       java.util.ImmutableCollections$Set12$1::hasNext (13 bytes)
Event: 0.039 Thread 0x000001b1bab152a0 nmethod 58 0x000001b1a4373210 code [0x000001b1a43733a0, 0x000001b1a4373518]
Event: 0.039 Thread 0x000001b1bab152a0   52       3       java.util.HashMap::afterNodeInsertion (1 bytes)
Event: 0.039 Thread 0x000001b1bab152a0 nmethod 52 0x000001b1a4373590 code [0x000001b1a4373720, 0x000001b1a4373838]
Event: 0.039 Thread 0x000001b1bab152a0   56       1       java.lang.module.ModuleDescriptor::isAutomatic (5 bytes)
Event: 0.039 Thread 0x000001b1bab152a0 nmethod 56 0x000001b1abe32390 code [0x000001b1abe32520, 0x000001b1abe325f8]
Event: 0.039 Thread 0x000001b1bab152a0   55       1       java.lang.module.ModuleDescriptor$Exports::source (5 bytes)
Event: 0.039 Thread 0x000001b1bab152a0 nmethod 55 0x000001b1abe32690 code [0x000001b1abe32820, 0x000001b1abe328d8]
Event: 0.039 Thread 0x000001b1bab152a0   59       1       java.lang.module.ResolvedModule::configuration (5 bytes)
Event: 0.039 Thread 0x000001b1bab152a0 nmethod 59 0x000001b1abe32990 code [0x000001b1abe32b20, 0x000001b1abe32bd8]
Event: 0.039 Thread 0x000001b1bab152a0   47       1       java.lang.module.ResolvedModule::reference (5 bytes)
Event: 0.039 Thread 0x000001b1bab152a0 nmethod 47 0x000001b1abe32c90 code [0x000001b1abe32e20, 0x000001b1abe32ed8]
Event: 0.039 Thread 0x000001b1bab152a0   60       1       java.lang.module.ModuleDescriptor$Exports::targets (5 bytes)
Event: 0.039 Thread 0x000001b1bab152a0 nmethod 60 0x000001b1abe32f90 code [0x000001b1abe33120, 0x000001b1abe331d8]
Event: 0.039 Thread 0x000001b1bab152a0   61       1       java.util.ImmutableCollections$Set12::isEmpty (2 bytes)
Event: 0.039 Thread 0x000001b1bab152a0 nmethod 61 0x000001b1abe33290 code [0x000001b1abe33420, 0x000001b1abe334f8]
Event: 0.042 Thread 0x000001b1bab152a0   62       3       java.lang.String::isEmpty (14 bytes)
Event: 0.042 Thread 0x000001b1bab152a0 nmethod 62 0x000001b1a4373910 code [0x000001b1a4373aa0, 0x000001b1a4373c18]

GC Heap History (4 events):
Event: 0.045 GC heap before
{Heap before GC invocations=0 (full 0):
 garbage-first heap   total 129024K, used 1024K [0x0000000083600000, 0x0000000100000000)
  region size 1024K, 2 young (2048K), 0 survivors (0K)
 Metaspace       used 138K, committed 384K, reserved 1114112K
  class space    used 4K, committed 128K, reserved 1048576K
}
Event: 0.046 GC heap after
{Heap after GC invocations=1 (full 0):
 garbage-first heap   total 129024K, used 682K [0x0000000083600000, 0x0000000100000000)
  region size 1024K, 1 young (1024K), 1 survivors (1024K)
 Metaspace       used 138K, committed 384K, reserved 1114112K
  class space    used 4K, committed 128K, reserved 1048576K
}
Event: 0.046 GC heap before
{Heap before GC invocations=1 (full 0):
 garbage-first heap   total 129024K, used 682K [0x0000000083600000, 0x0000000100000000)
  region size 1024K, 1 young (1024K), 1 survivors (1024K)
 Metaspace       used 138K, committed 384K, reserved 1114112K
  class space    used 4K, committed 128K, reserved 1048576K
}
Event: 0.047 GC heap after
{Heap after GC invocations=2 (full 0):
 garbage-first heap   total 129024K, used 552K [0x0000000083600000, 0x0000000100000000)
  region size 1024K, 1 young (1024K), 1 survivors (1024K)
 Metaspace       used 138K, committed 384K, reserved 1114112K
  class space    used 4K, committed 128K, reserved 1048576K
}

Dll operation events (2 events):
Event: 0.006 Loaded shared library C:\Program Files\Java\jdk-19\bin\java.dll
Event: 0.015 Loaded shared library C:\Program Files\Java\jdk-19\bin\jsvml.dll

Deoptimization events (0 events):
No events

Classes loaded (4 events):
Event: 0.041 Loading class jdk/internal/loader/URLClassPath$FileLoader
Event: 0.041 Loading class jdk/internal/loader/URLClassPath$FileLoader done
Event: 0.042 Loading class jdk/internal/loader/URLClassPath$FileLoader$1
Event: 0.042 Loading class jdk/internal/loader/URLClassPath$FileLoader$1 done

Classes unloaded (0 events):
No events

Classes redefined (0 events):
No events

Internal exceptions (0 events):
No events

VM Operations (3 events):
Event: 0.045 Executing VM operation: G1TryInitiateConcMark
Event: 0.046 Executing VM operation: G1TryInitiateConcMark done
Event: 0.046 Executing VM operation: G1CollectForAllocation

Events (12 events):
Event: 0.015 Thread 0x000001b19c3f5e80 Thread added: 0x000001b19c3f5e80
Event: 0.024 Thread 0x000001b1bab01390 Thread added: 0x000001b1bab01390
Event: 0.024 Thread 0x000001b1bab028f0 Thread added: 0x000001b1bab028f0
Event: 0.025 Thread 0x000001b1bab061c0 Thread added: 0x000001b1bab061c0
Event: 0.025 Thread 0x000001b1bab08cf0 Thread added: 0x000001b1bab08cf0
Event: 0.025 Thread 0x000001b1bab0af70 Thread added: 0x000001b1bab0af70
Event: 0.025 Thread 0x000001b1bab0ead0 Thread added: 0x000001b1bab0ead0
Event: 0.025 Thread 0x000001b1bab14190 Thread added: 0x000001b1bab14190
Event: 0.025 Thread 0x000001b1bab152a0 Thread added: 0x000001b1bab152a0
Event: 0.025 Thread 0x000001b1bab1fc10 Thread added: 0x000001b1bab1fc10
Event: 0.039 Thread 0x000001b1bede3d00 Thread added: 0x000001b1bede3d00
Event: 0.043 Thread 0x000001b1bedeaee0 Thread added: 0x000001b1bedeaee0


Dynamic libraries:
0x00007ff715170000 - 0x00007ff715180000 	C:\Program Files\Java\jdk-19\bin\javaw.exe
0x00007ff894070000 - 0x00007ff894284000 	C:\WINDOWS\SYSTEM32\ntdll.dll
0x00007ff893670000 - 0x00007ff893732000 	C:\WINDOWS\System32\KERNEL32.DLL
0x00007ff8918f0000 - 0x00007ff891c8d000 	C:\WINDOWS\System32\KERNELBASE.dll
0x00007ff8915f0000 - 0x00007ff891701000 	C:\WINDOWS\System32\ucrtbase.dll
0x00007ff88bbd0000 - 0x00007ff88bbe8000 	C:\Program Files\Java\jdk-19\bin\jli.dll
0x00007ff892f00000 - 0x00007ff892fae000 	C:\WINDOWS\System32\ADVAPI32.dll
0x00007ff892ca0000 - 0x00007ff892d47000 	C:\WINDOWS\System32\msvcrt.dll
0x00007ff8939c0000 - 0x00007ff893a64000 	C:\WINDOWS\System32\sechost.dll
0x00007ff8937b0000 - 0x00007ff8938c5000 	C:\WINDOWS\System32\RPCRT4.dll
0x00007ff893a70000 - 0x00007ff893c1a000 	C:\WINDOWS\System32\USER32.dll
0x00007ff891520000 - 0x00007ff891546000 	C:\WINDOWS\System32\win32u.dll
0x00007ff893de0000 - 0x00007ff893e09000 	C:\WINDOWS\System32\GDI32.dll
0x00007ff8917d0000 - 0x00007ff8918e2000 	C:\WINDOWS\System32\gdi32full.dll
0x00007ff891550000 - 0x00007ff8915ea000 	C:\WINDOWS\System32\msvcp_win.dll
0x00007ff88bb50000 - 0x00007ff88bb6b000 	C:\Program Files\Java\jdk-19\bin\VCRUNTIME140.dll
0x00007ff887140000 - 0x00007ff8873ce000 	C:\WINDOWS\WinSxS\amd64_microsoft.windows.common-controls_6595b64144ccf1df_6.0.22621.608_none_a9444ca7c10bb01d\COMCTL32.dll
0x00007ff889ec0000 - 0x00007ff889eca000 	C:\WINDOWS\SYSTEM32\VERSION.dll
0x00007ff893610000 - 0x00007ff893642000 	C:\WINDOWS\System32\IMM32.DLL
0x00007ff88d900000 - 0x00007ff88d90c000 	C:\Program Files\Java\jdk-19\bin\vcruntime140_1.dll
0x00007ff885f20000 - 0x00007ff885fae000 	C:\Program Files\Java\jdk-19\bin\msvcp140.dll
0x00007ff823800000 - 0x00007ff8244c0000 	C:\Program Files\Java\jdk-19\bin\server\jvm.dll
0x00007ff88d7c0000 - 0x00007ff88d7f4000 	C:\WINDOWS\SYSTEM32\WINMM.dll
0x00007ff88bc40000 - 0x00007ff88bc49000 	C:\WINDOWS\SYSTEM32\WSOCK32.dll
0x00007ff8930b0000 - 0x00007ff893121000 	C:\WINDOWS\System32\WS2_32.dll
0x00007ff890510000 - 0x00007ff890528000 	C:\WINDOWS\SYSTEM32\kernel.appcore.dll
0x00007ff88bbc0000 - 0x00007ff88bbca000 	C:\Program Files\Java\jdk-19\bin\jimage.dll
0x00007ff88ede0000 - 0x00007ff88f00e000 	C:\WINDOWS\SYSTEM32\DBGHELP.DLL
0x00007ff891e70000 - 0x00007ff8921fa000 	C:\WINDOWS\System32\combase.dll
0x00007ff893e70000 - 0x00007ff893f47000 	C:\WINDOWS\System32\OLEAUT32.dll
0x00007ff88d780000 - 0x00007ff88d7b2000 	C:\WINDOWS\SYSTEM32\dbgcore.DLL
0x00007ff8914a0000 - 0x00007ff89151b000 	C:\WINDOWS\System32\bcryptPrimitives.dll
0x00007ff885ef0000 - 0x00007ff885f16000 	C:\Program Files\Java\jdk-19\bin\java.dll
0x00007ff8604d0000 - 0x00007ff8605a7000 	C:\Program Files\Java\jdk-19\bin\jsvml.dll
0x00007ff8924c0000 - 0x00007ff892ca0000 	C:\WINDOWS\System32\SHELL32.dll
0x00007ff88f370000 - 0x00007ff88fc35000 	C:\WINDOWS\SYSTEM32\windows.storage.dll
0x00007ff88fc70000 - 0x00007ff88fdae000 	C:\WINDOWS\SYSTEM32\wintypes.dll
0x00007ff892df0000 - 0x00007ff892ee1000 	C:\WINDOWS\System32\SHCORE.dll
0x00007ff8935b0000 - 0x00007ff89360e000 	C:\WINDOWS\System32\shlwapi.dll
0x00007ff8913d0000 - 0x00007ff8913f1000 	C:\WINDOWS\SYSTEM32\profapi.dll

dbghelp: loaded successfully - version: 4.0.5 - missing functions: none
symbol engine: initialized successfully - sym options: 0x614 - pdb path: .;C:\Program Files\Java\jdk-19\bin;C:\WINDOWS\SYSTEM32;C:\WINDOWS\WinSxS\amd64_microsoft.windows.common-controls_6595b64144ccf1df_6.0.22621.608_none_a9444ca7c10bb01d;C:\Program Files\Java\jdk-19\bin\server

VM Arguments:
jvm_args: -Dfile.encoding=UTF-8 -XX:+ShowCodeDetailsInExceptionMessages 
java_command: RandomArray.IntegerArray
java_class_path (initial): D:\Tarun\bin
Launcher Type: SUN_STANDARD

[Global flags]
     intx CICompilerCount                          = 4                                         {product} {ergonomic}
     uint ConcGCThreads                            = 2                                         {product} {ergonomic}
     uint G1ConcRefinementThreads                  = 8                                         {product} {ergonomic}
   size_t G1HeapRegionSize                         = 1048576                                   {product} {ergonomic}
    uintx GCDrainStackTargetSize                   = 64                                        {product} {ergonomic}
   size_t InitialHeapSize                          = 132120576                                 {product} {ergonomic}
   size_t MarkStackSize                            = 4194304                                   {product} {ergonomic}
   size_t MaxHeapSize                              = 2090860544                                {product} {ergonomic}
   size_t MaxNewSize                               = 1254096896                                {product} {ergonomic}
   size_t MinHeapDeltaBytes                        = 1048576                                   {product} {ergonomic}
   size_t MinHeapSize                              = 8388608                                   {product} {ergonomic}
    uintx NonNMethodCodeHeapSize                   = 5839372                                {pd product} {ergonomic}
    uintx NonProfiledCodeHeapSize                  = 122909434                              {pd product} {ergonomic}
    uintx ProfiledCodeHeapSize                     = 122909434                              {pd product} {ergonomic}
    uintx ReservedCodeCacheSize                    = 251658240                              {pd product} {ergonomic}
     bool SegmentedCodeCache                       = true                                      {product} {ergonomic}
     bool ShowCodeDetailsInExceptionMessages       = true                                   {manageable} {command line}
   size_t SoftMaxHeapSize                          = 2090860544                             {manageable} {ergonomic}
     bool UseCompressedClassPointers               = true                           {product lp64_product} {ergonomic}
     bool UseCompressedOops                        = true                           {product lp64_product} {ergonomic}
     bool UseG1GC                                  = true                                      {product} {ergonomic}
     bool UseLargePagesIndividualAllocation        = false                                  {pd product} {ergonomic}

Logging:
Log output configuration:
 #0: stdout all=warning uptime,level,tags foldmultilines=false
 #1: stderr all=off uptime,level,tags foldmultilines=false

Environment Variables:
PATH=C:\Program Files\Common Files\Oracle\Java\javapath;C:\WINDOWS\system32;C:\WINDOWS;C:\WINDOWS\System32\Wbem;C:\WINDOWS\System32\WindowsPowerShell\v1.0\;C:\WINDOWS\System32\OpenSSH\;C:\Program Files\Java\jdk-19\bin;C:\Program Files\MySQL\MySQL Server 8.0\bin;C:\Program Files\MySQL\MySQL Shell 8.0\bin\;C:\Users\Sai Tarun Teja\AppData\Local\Programs\Python\Python310\Scripts\;C:\Users\Sai Tarun Teja\AppData\Local\Programs\Python\Python310\;C:\Users\Sai Tarun Teja\AppData\Local\Microsoft\WindowsApps;;C:\Users\Sai Tarun Teja\AppData\Local\Programs\Microsoft VS Code\bin
USERNAME=Sai Tarun Teja
OS=Windows_NT
PROCESSOR_IDENTIFIER=Intel64 Family 6 Model 140 Stepping 1, GenuineIntel
TMP=C:\Users\SAITAR~1\AppData\Local\Temp
TEMP=C:\Users\SAITAR~1\AppData\Local\Temp



---------------  S Y S T E M  ---------------

OS:
 Windows 11 , 64 bit Build 22621 (10.0.22621.755)
OS uptime: 24 days 20:13 hours

CPU: total 8 (initial active 8) (4 cores per cpu, 2 threads per core) family 6 model 140 stepping 1 microcode 0x8a, cx8, cmov, fxsr, ht, mmx, 3dnowpref, sse, sse2, sse3, ssse3, sse4.1, sse4.2, popcnt, lzcnt, tsc, tscinvbit, avx, avx2, aes, erms, clmul, bmi1, bmi2, adx, avx512f, avx512dq, avx512cd, avx512bw, avx512vl, sha, fma, vzeroupper, avx512_vpopcntdq, avx512_vpclmulqdq, avx512_vaes, avx512_vnni, clflush, clflushopt, clwb, avx512_vbmi2, avx512_vbmi, rdtscp, rdpid, fsrm, gfni, avx512_bitalg

Memory: 4k page, system-wide physical 7975M (1690M free)
TotalPageFile size 20108M (AvailPageFile size 801M)
current process WorkingSet (physical memory assigned to process): 28M, peak: 28M
current process commit charge ("private bytes"): 208M, peak: 2076M

vm_info: Java HotSpot(TM) 64-Bit Server VM (19.0.1+10-21) for windows-amd64 JRE (19.0.1+10-21), built on 2022-09-14T12:45:06Z by "mach5one" with MS VC++ 17.1 (VS2022)

END.
